<?xml version="1.0" encoding="UTF-8"?>
<!-- Generated by org.testng.reporters.JUnitReportReporter -->
<testsuite hostname="DESKTOP-3TLULB1" failures="0" tests="4" name="com.qa.occupancy.test.Dashboard1Test" time="45.999" errors="0" timestamp="2021-04-22T00:37:06 IST" skipped="0">
  <testcase classname="com.qa.occupancy.test.Dashboard1Test" name="headingTest" time="9.063"/>
  <system-out/>
  <testcase classname="com.qa.occupancy.test.Dashboard1Test" name="adminSelect" time="16.999"/>
  <system-out/>
  <testcase classname="com.qa.occupancy.test.Dashboard1Test" name="selectDash2" time="10.273"/>
  <system-out/>
  <testcase classname="com.qa.occupancy.test.Dashboard1Test" name="logout" time="9.664"/>
  <system-out/>
</testsuite> <!-- com.qa.occupancy.test.Dashboard1Test -->
