<?xml version="1.0" encoding="UTF-8"?>
<!-- Generated by org.testng.reporters.JUnitReportReporter -->
<testsuite hostname="VARSHITHA-PC" failures="0" tests="1" name="com.qa.occupancy.test.LiveSettingTest" time="80.802" errors="0" timestamp="2021-04-10T00:21:46 IST" skipped="0">
  <testcase classname="com.qa.occupancy.test.LiveSettingTest" name="editZone" time="80.802"/>
  <system-out/>
</testsuite> <!-- com.qa.occupancy.test.LiveSettingTest -->
