<?xml version="1.0" encoding="UTF-8"?>
<!-- Generated by org.testng.reporters.JUnitReportReporter -->
<testsuite hostname="VARSHITHA-PC" failures="0" tests="1" name="com.qa.occupancy.test.SmsTest" time="19.130" errors="0" timestamp="2021-04-11T18:51:59 IST" skipped="0">
  <testcase classname="com.qa.occupancy.test.SmsTest" name="delete" time="19.130"/>
  <system-out/>
</testsuite> <!-- com.qa.occupancy.test.SmsTest -->
