<?xml version="1.0" encoding="UTF-8"?>
<!-- Generated by org.testng.reporters.JUnitReportReporter -->
<testsuite hostname="VARSHITHA-PC" failures="0" tests="5" name="com.qa.occupancy.test.LoginPageTest" time="46.364" errors="0" timestamp="2021-04-02T23:51:23 IST" skipped="0">
  <testcase classname="com.qa.occupancy.test.LoginPageTest" name="loginTest" time="7.869"/>
  <system-out/>
  <testcase classname="com.qa.occupancy.test.LoginPageTest" name="titleTest" time="4.938"/>
  <system-out/>
  <testcase classname="com.qa.occupancy.test.LoginPageTest" name="versionTest" time="8.406"/>
  <system-out/>
  <testcase classname="com.qa.occupancy.test.LoginPageTest" name="headingTest" time="14.765"/>
  <system-out/>
  <testcase classname="com.qa.occupancy.test.LoginPageTest" name="logoTest" time="10.386"/>
  <system-out/>
</testsuite> <!-- com.qa.occupancy.test.LoginPageTest -->
