<?xml version="1.0" encoding="UTF-8"?>
<!-- Generated by org.testng.reporters.JUnitReportReporter -->
<testsuite hostname="VARSHITHA-PC" failures="0" tests="3" name="com.qa.occupancy.test.RollingDashTest" time="34.536" errors="0" timestamp="2021-04-08T16:10:26 IST" skipped="0">
  <testcase classname="com.qa.occupancy.test.RollingDashTest" name="adminSelect" time="10.291"/>
  <system-out/>
  <testcase classname="com.qa.occupancy.test.RollingDashTest" name="headingTest" time="17.484"/>
  <system-out/>
  <testcase classname="com.qa.occupancy.test.RollingDashTest" name="timeStampTest" time="6.761"/>
  <system-out/>
</testsuite> <!-- com.qa.occupancy.test.RollingDashTest -->
