<?xml version="1.0" encoding="UTF-8"?>
<!-- Generated by org.testng.reporters.JUnitReportReporter -->
<testsuite hostname="DESKTOP-3TLULB1" failures="0" tests="1" name="com.qa.occupancy.test.UserSettingTest" time="9.867" errors="0" timestamp="2021-04-21T15:20:04 IST" skipped="0">
  <testcase classname="com.qa.occupancy.test.UserSettingTest" name="pwdAdd" time="9.867"/>
  <system-out/>
</testsuite> <!-- com.qa.occupancy.test.UserSettingTest -->
