<?xml version="1.0" encoding="UTF-8"?>
<!-- Generated by org.testng.reporters.JUnitReportReporter -->
<testsuite hostname="VARSHITHA-PC" failures="0" tests="1" name="com.qa.occupancy.test.ThresholdTest" time="41.777" errors="0" timestamp="2021-04-07T00:42:26 IST" skipped="0">
  <testcase classname="com.qa.occupancy.test.ThresholdTest" name="editAddTh" time="41.777"/>
  <system-out/>
</testsuite> <!-- com.qa.occupancy.test.ThresholdTest -->
