<?xml version="1.0" encoding="UTF-8"?>
<!-- Generated by org.testng.reporters.JUnitReportReporter -->
<testsuite hostname="DESKTOP-3TLULB1" failures="0" tests="6" name="com.qa.occupancy.test.RollingDashTest" time="48.402" errors="0" timestamp="2021-04-21T23:34:57 IST" skipped="0">
  <testcase classname="com.qa.occupancy.test.RollingDashTest" name="adminSelect" time="10.689"/>
  <system-out/>
  <testcase classname="com.qa.occupancy.test.RollingDashTest" name="headingTest" time="6.582"/>
  <system-out/>
  <testcase classname="com.qa.occupancy.test.RollingDashTest" name="timeStampTest" time="8.102"/>
  <system-out/>
  <testcase classname="com.qa.occupancy.test.RollingDashTest" name="selectDash1" time="7.222"/>
  <system-out/>
  <testcase classname="com.qa.occupancy.test.RollingDashTest" name="selectDash2" time="8.191"/>
  <system-out/>
  <testcase classname="com.qa.occupancy.test.RollingDashTest" name="logout" time="7.616"/>
  <system-out/>
</testsuite> <!-- com.qa.occupancy.test.RollingDashTest -->
